<?xml version="1.0" encoding="UTF-8"?>
<!-- Generated by org.testng.reporters.JUnitReportReporter -->
<testsuite hostname="DESKTOP-5DN7G4O" failures="0" tests="7" name="StepDefinition.LogInSteps" time="62.084" errors="0" timestamp="2022-04-24T13:57:37 IST" skipped="0">
  <testcase classname="StepDefinition.LogInSteps" name="dataReadTest1" time="1.420"/>
  <system-out/>
  <testcase classname="StepDefinition.LogInSteps" name="user_is_on_login_page" time="1.896"/>
  <system-out/>
  <testcase classname="StepDefinition.LogInSteps" name="user_enters_id" time="3.186"/>
  <system-out/>
  <testcase classname="StepDefinition.LogInSteps" name="user_clicks_signin" time="3.080"/>
  <system-out/>
  <testcase classname="StepDefinition.LogInSteps" name="user_enters_password" time="3.097"/>
  <system-out/>
  <testcase classname="StepDefinition.LogInSteps" name="user_again_clicks_signin" time="3.691"/>
  <system-out/>
  <testcase classname="StepDefinition.LogInSteps" name="user_is_on_home_page" time="45.714"/>
  <system-out/>
</testsuite> <!-- StepDefinition.LogInSteps -->
